[results.vtu.ac.in/resultsvitavicbcs_19/index.html]
[backblue.gif]
[fade.gif]
[index.html]
[results.vtu.ac.in/css/style.css]
[results.vtu.ac.in/css/css/bootstrap.min.css]
[results.vtu.ac.in/resultsvitavicbcs_19/js/jquery.placeholder.label.js]
[results.vtu.ac.in/js/js/bootstrap.min.js]
[results.vtu.ac.in/images/newL7.png]
[results.vtu.ac.in/js/js/jquery.min.js]
[results.vtu.ac.in/resultsvitavicbcs_19/index.html]
[results.vtu.ac.in/resultsvitavicbcs_19/captcha_new.html]
[results.vtu.ac.in/css/style.css]
[results.vtu.ac.in/css/css/bootstrap.min.css]
[results.vtu.ac.in/resultsvitavicbcs_19/captcha_new.html]
[results.vtu.ac.in/images/log.html]
[results.vtu.ac.in/images/icons.html]
[results.vtu.ac.in/images/blue-line.html]
[results.vtu.ac.in/images/close-button.html]
[results.vtu.ac.in/images/blue-arrow.html]
[results.vtu.ac.in/images/ico-search.html]
[results.vtu.ac.in/images/down-arrow.html]
[results.vtu.ac.in/images/black-arrow.html]
[results.vtu.ac.in/images/arrow-2.html]
[results.vtu.ac.in/images/green-arrow.html]
[results.vtu.ac.in/images/blue-arrow-2.html]
[results.vtu.ac.in/images/cyan-arrow.html]
[results.vtu.ac.in/images/purple-arrow.html]
[results.vtu.ac.in/images/border-rgt.html]
[results.vtu.ac.in/images/msover-border.html]
[results.vtu.ac.in/images/thin_left_arrow.html]
[results.vtu.ac.in/images/thin_right_arrow.html]
[results.vtu.ac.in/images/contentbg1.html]
[results.vtu.ac.in/images/white-arrow.html]
[results.vtu.ac.in/images/quote-top.html]
[results.vtu.ac.in/images/quote-bottom.html]
[results.vtu.ac.in/images/indus-recognition/gesia.html]
[results.vtu.ac.in/images/indus-recognition/best-staffing-firms.html]
[results.vtu.ac.in/images/indus-recognition/fine-tech100.html]
[results.vtu.ac.in/images/indus-recognition/global-services.html]
[results.vtu.ac.in/images/indus-recognition/top-business.html]
[results.vtu.ac.in/images/footer-icon.html]
[results.vtu.ac.in/images/menu-arrow.html]
[results.vtu.ac.in/images/grey-arrow.html]
[results.vtu.ac.in/images/mob-arrow.html]
[results.vtu.ac.in/images/menu.html]
